<?xml version="1.0" encoding="UTF-8"?>
<testsuite xmlns:xsi="http://www.w3.org/2001/XMLSchema-instance" xsi:noNamespaceSchemaLocation="https://maven.apache.org/surefire/maven-surefire-plugin/xsd/surefire-test-report.xsd" name="paypal.AppTest" time="0.049" tests="1" errors="0" skipped="0" failures="0">
  <properties>
    <property name="sun.desktop" value="windows"/>
    <property name="awt.toolkit" value="sun.awt.windows.WToolkit"/>
    <property name="file.encoding.pkg" value="sun.io"/>
    <property name="java.specification.version" value="1.8"/>
    <property name="sun.cpu.isalist" value="pentium_pro+mmx pentium_pro pentium+mmx pentium i486 i386 i86"/>
    <property name="sun.jnu.encoding" value="Cp1252"/>
    <property name="java.class.path" value="C:\Users\venka\OneDrive\Desktop\myfirstproject\webapp\target\test-classes;C:\Users\venka\OneDrive\Desktop\myfirstproject\webapp\target\classes;C:\Users\venka\.m2\repository\junit\junit\4.11\junit-4.11.jar;C:\Users\venka\.m2\repository\org\hamcrest\hamcrest-core\1.3\hamcrest-core-1.3.jar;"/>
    <property name="java.vm.vendor" value="Oracle Corporation"/>
    <property name="sun.arch.data.model" value="32"/>
    <property name="user.variant" value=""/>
    <property name="java.vendor.url" value="http://java.oracle.com/"/>
    <property name="user.timezone" value="Asia/Calcutta"/>
    <property name="java.vm.specification.version" value="1.8"/>
    <property name="os.name" value="Windows 10"/>
    <property name="user.country" value="IN"/>
    <property name="sun.java.launcher" value="SUN_STANDARD"/>
    <property name="sun.boot.library.path" value="C:\java\openlogic-openjdk-8u262-b10-win-32\jre\bin"/>
    <property name="sun.java.command" value="C:\Users\venka\AppData\Local\Temp\surefire4618111860872223709\surefirebooter5412638208467961514.jar C:\Users\venka\AppData\Local\Temp\surefire4618111860872223709 2022-05-27T12-54-09_518-jvmRun1 surefire8886579094644987941tmp surefire_03740355374338992229tmp"/>
    <property name="surefire.test.class.path" value="C:\Users\venka\OneDrive\Desktop\myfirstproject\webapp\target\test-classes;C:\Users\venka\OneDrive\Desktop\myfirstproject\webapp\target\classes;C:\Users\venka\.m2\repository\junit\junit\4.11\junit-4.11.jar;C:\Users\venka\.m2\repository\org\hamcrest\hamcrest-core\1.3\hamcrest-core-1.3.jar;"/>
    <property name="sun.cpu.endian" value="little"/>
    <property name="user.home" value="C:\Users\venka"/>
    <property name="user.language" value="en"/>
    <property name="java.specification.vendor" value="Oracle Corporation"/>
    <property name="java.home" value="C:\java\openlogic-openjdk-8u262-b10-win-32\jre"/>
    <property name="basedir" value="C:\Users\venka\OneDrive\Desktop\myfirstproject\webapp"/>
    <property name="file.separator" value="\"/>
    <property name="line.separator" value="&#10;"/>
    <property name="java.vm.specification.vendor" value="Oracle Corporation"/>
    <property name="java.specification.name" value="Java Platform API Specification"/>
    <property name="java.awt.graphicsenv" value="sun.awt.Win32GraphicsEnvironment"/>
    <property name="surefire.real.class.path" value="C:\Users\venka\AppData\Local\Temp\surefire4618111860872223709\surefirebooter5412638208467961514.jar"/>
    <property name="sun.boot.class.path" value="C:\java\openlogic-openjdk-8u262-b10-win-32\jre\lib\resources.jar;C:\java\openlogic-openjdk-8u262-b10-win-32\jre\lib\rt.jar;C:\java\openlogic-openjdk-8u262-b10-win-32\jre\lib\sunrsasign.jar;C:\java\openlogic-openjdk-8u262-b10-win-32\jre\lib\jsse.jar;C:\java\openlogic-openjdk-8u262-b10-win-32\jre\lib\jce.jar;C:\java\openlogic-openjdk-8u262-b10-win-32\jre\lib\charsets.jar;C:\java\openlogic-openjdk-8u262-b10-win-32\jre\lib\jfr.jar;C:\java\openlogic-openjdk-8u262-b10-win-32\jre\classes"/>
    <property name="user.script" value=""/>
    <property name="sun.management.compiler" value="HotSpot Tiered Compilers"/>
    <property name="java.runtime.version" value="1.8.0-262-b10"/>
    <property name="user.name" value="venka"/>
    <property name="path.separator" value=";"/>
    <property name="os.version" value="10.0"/>
    <property name="java.endorsed.dirs" value="C:\java\openlogic-openjdk-8u262-b10-win-32\jre\lib\endorsed"/>
    <property name="java.runtime.name" value="OpenJDK Runtime Environment"/>
    <property name="file.encoding" value="Cp1252"/>
    <property name="java.vm.name" value="OpenJDK Server VM"/>
    <property name="localRepository" value="C:\Users\venka\.m2\repository"/>
    <property name="java.vendor.url.bug" value="http://bugreport.sun.com/bugreport/"/>
    <property name="java.io.tmpdir" value="C:\Users\venka\AppData\Local\Temp\"/>
    <property name="java.version" value="1.8.0-262"/>
    <property name="user.dir" value="C:\Users\venka\OneDrive\Desktop\myfirstproject\webapp"/>
    <property name="os.arch" value="x86"/>
    <property name="java.vm.specification.name" value="Java Virtual Machine Specification"/>
    <property name="java.awt.printerjob" value="sun.awt.windows.WPrinterJob"/>
    <property name="sun.os.patch.level" value=""/>
    <property name="java.library.path" value="C:\java\openlogic-openjdk-8u262-b10-win-32\jre\bin;C:\WINDOWS\Sun\Java\bin;C:\WINDOWS\system32;C:\WINDOWS;C:\Users\venka\bin;C:\Program Files\Git\mingw64\bin;C:\Program Files\Git\usr\local\bin;C:\Program Files\Git\usr\bin;C:\Program Files\Git\usr\bin;C:\Program Files\Git\mingw64\bin;C:\Program Files\Git\usr\bin;C:\Users\venka\bin;C:\Program Files\Python37\Scripts;C:\Program Files\Python37;C:\Program Files\Python38\Scripts;C:\Program Files\Python38;C:\WINDOWS\system32;C:\WINDOWS;C:\WINDOWS\System32\Wbem;C:\WINDOWS\System32\WindowsPowerShell\v1.0;C:\WINDOWS\System32\OpenSSH;C:\Program Files\Intel\WiFi\bin;C:\Program Files\Common Files\Intel\WirelessCommon;C:\Program Files (x86)\Intel\Intel(R) Management Engine Components\DAL;C:\Program Files\Intel\Intel(R) Management Engine Components\DAL;C:\Program Files\Git\cmd;C:\Program Files\PuTTY;C:\Program Files\dotnet;C:\Users\venka\AppData\Local\Programs\Python\Python38\Scripts;C:\Users\venka\AppData\Local\Programs\Python\Python38;C:\Users\venka\AppData\Local\Microsoft\WindowsApps;C:\Program Files\JetBrains\PyCharm 2019.3.2\bin;C:\Users\venka\AppData\Local\Programs\Microsoft VS Code\bin;C:\java\openlogic-openjdk-8u262-b10-win-32\bin;C:\maven\apache-maven-3.8.5\bin;C:\Program Files\Git\usr\bin\vendor_perl;C:\Program Files\Git\usr\bin\core_perl;."/>
    <property name="java.vm.info" value="mixed mode"/>
    <property name="java.vendor" value="OpenLogic-OpenJDK"/>
    <property name="java.vm.version" value="25.71-b10"/>
    <property name="java.ext.dirs" value="C:\java\openlogic-openjdk-8u262-b10-win-32\jre\lib\ext;C:\WINDOWS\Sun\Java\lib\ext"/>
    <property name="sun.io.unicode.encoding" value="UnicodeLittle"/>
    <property name="java.class.version" value="52.0"/>
  </properties>
  <testcase name="shouldAnswerWithTrue" classname="paypal.AppTest" time="0.002"/>
</testsuite>